# JRE version: OpenJDK Runtime Environment Temurin-21.0.7+6 (21.0.7+6) (build 21.0.7+6-LTS)
# Java VM: OpenJDK 64-Bit Server VM Temurin-21.0.7+6 (21.0.7+6-LTS, mixed mode, sharing, tiered, compressed oops, compressed class ptrs, parallel gc, windows-amd64)
GC Precious Log:
 CardTable entry size: 512
 CPUs: 12 total, 12 available
 Memory: 7521M
 Large Page Support: Disabled
 NUMA Support: Disabled
 Compressed Oops: Enabled (32-bit)
 Alignments: Space 512K, Generation 512K, Heap 2M
 Heap Min Capacity: 100M
 Heap Initial Capacity: 100M
 Heap Max Capacity: 2G
 Pre-touch: Disabled
 Parallel Workers: 10
Heap:
 PSYoungGen      total 12800K, used 11722K [0x00000000d5580000, 0x00000000d6400000, 0x0000000100000000)
  eden space 10240K, 99% used [0x00000000d5580000,0x00000000d5f7ffe0,0x00000000d5f80000)
  from space 2560K, 57% used [0x00000000d5f80000,0x00000000d60f2910,0x00000000d6200000)
  to   space 2048K, 0% used [0x00000000d6200000,0x00000000d6200000,0x00000000d6400000)
 ParOldGen       total 623104K, used 619788K [0x0000000080000000, 0x00000000a6080000, 0x00000000d5580000)
  object space 623104K, 99% used [0x0000000080000000,0x00000000a5d43280,0x00000000a6080000)
 Metaspace       used 86712K, committed 88384K, reserved 1179648K
  class space    used 8584K, committed 9408K, reserved 1048576K
GC Heap History (20 events):
Event: 73623.254 GC heap before
{Heap before GC invocations=1935 (full 5):
 PSYoungGen      total 6144K, used 5952K [0x00000000d5580000, 0x00000000d5d00000, 0x0000000100000000)
  eden space 5120K, 100% used [0x00000000d5580000,0x00000000d5a80000,0x00000000d5a80000)
  from space 1024K, 81% used [0x00000000d5b00000,0x00000000d5bd0020,0x00000000d5c00000)
  to   space 1024K, 0% used [0x00000000d5c00000,0x00000000d5c00000,0x00000000d5d00000)
 ParOldGen       total 623104K, used 578999K [0x0000000080000000, 0x00000000a6080000, 0x00000000d5580000)
  object space 623104K, 92% used [0x0000000080000000,0x00000000a356dcb8,0x00000000a6080000)
 Metaspace       used 86545K, committed 88256K, reserved 1179648K
  class space    used 8571K, committed 9408K, reserved 1048576K
}
Event: 73623.259 GC heap after
{Heap after GC invocations=1935 (full 5):
 PSYoungGen      total 5120K, used 1017K [0x00000000d5580000, 0x00000000d6080000, 0x0000000100000000)
  eden space 4096K, 0% used [0x00000000d5580000,0x00000000d5580000,0x00000000d5980000)
  from space 1024K, 99% used [0x00000000d5c00000,0x00000000d5cfe4e0,0x00000000d5d00000)
  to   space 2560K, 0% used [0x00000000d5980000,0x00000000d5980000,0x00000000d5c00000)
 ParOldGen       total 623104K, used 580251K [0x0000000080000000, 0x00000000a6080000, 0x00000000d5580000)
  object space 623104K, 93% used [0x0000000080000000,0x00000000a36a6c30,0x00000000a6080000)
 Metaspace       used 86545K, committed 88256K, reserved 1179648K
  class space    used 8571K, committed 9408K, reserved 1048576K
}
Event: 73623.263 GC heap before
{Heap before GC invocations=1936 (full 5):
 PSYoungGen      total 5120K, used 5113K [0x00000000d5580000, 0x00000000d6080000, 0x0000000100000000)
  eden space 4096K, 100% used [0x00000000d5580000,0x00000000d5980000,0x00000000d5980000)
  from space 1024K, 99% used [0x00000000d5c00000,0x00000000d5cfe4e0,0x00000000d5d00000)
  to   space 2560K, 0% used [0x00000000d5980000,0x00000000d5980000,0x00000000d5c00000)
 ParOldGen       total 623104K, used 580251K [0x0000000080000000, 0x00000000a6080000, 0x00000000d5580000)
  object space 623104K, 93% used [0x0000000080000000,0x00000000a36a6c30,0x00000000a6080000)
 Metaspace       used 86545K, committed 88256K, reserved 1179648K
  class space    used 8571K, committed 9408K, reserved 1048576K
}
Event: 73623.267 GC heap after
{Heap after GC invocations=1936 (full 5):
 PSYoungGen      total 6656K, used 2542K [0x00000000d5580000, 0x00000000d6280000, 0x0000000100000000)
  eden space 4096K, 0% used [0x00000000d5580000,0x00000000d5580000,0x00000000d5980000)
  from space 2560K, 99% used [0x00000000d5980000,0x00000000d5bfb9e8,0x00000000d5c00000)
  to   space 4096K, 0% used [0x00000000d5e80000,0x00000000d5e80000,0x00000000d6280000)
 ParOldGen       total 623104K, used 581350K [0x0000000080000000, 0x00000000a6080000, 0x00000000d5580000)
  object space 623104K, 93% used [0x0000000080000000,0x00000000a37b9bb8,0x00000000a6080000)
 Metaspace       used 86545K, committed 88256K, reserved 1179648K
  class space    used 8571K, committed 9408K, reserved 1048576K
}
Event: 73623.272 GC heap before
{Heap before GC invocations=1937 (full 5):
 PSYoungGen      total 6656K, used 6638K [0x00000000d5580000, 0x00000000d6280000, 0x0000000100000000)
  eden space 4096K, 100% used [0x00000000d5580000,0x00000000d5980000,0x00000000d5980000)
  from space 2560K, 99% used [0x00000000d5980000,0x00000000d5bfb9e8,0x00000000d5c00000)
  to   space 4096K, 0% used [0x00000000d5e80000,0x00000000d5e80000,0x00000000d6280000)
 ParOldGen       total 623104K, used 581350K [0x0000000080000000, 0x00000000a6080000, 0x00000000d5580000)
  object space 623104K, 93% used [0x0000000080000000,0x00000000a37b9bb8,0x00000000a6080000)
 Metaspace       used 86545K, committed 88256K, reserved 1179648K
  class space    used 8571K, committed 9408K, reserved 1048576K
}
Event: 73623.281 GC heap after
{Heap after GC invocations=1937 (full 5):
 PSYoungGen      total 9216K, used 3603K [0x00000000d5580000, 0x00000000d6280000, 0x0000000100000000)
  eden space 5120K, 0% used [0x00000000d5580000,0x00000000d5580000,0x00000000d5a80000)
  from space 4096K, 87% used [0x00000000d5e80000,0x00000000d6204fe8,0x00000000d6280000)
  to   space 4096K, 0% used [0x00000000d5a80000,0x00000000d5a80000,0x00000000d5e80000)
 ParOldGen       total 623104K, used 583838K [0x0000000080000000, 0x00000000a6080000, 0x00000000d5580000)
  object space 623104K, 93% used [0x0000000080000000,0x00000000a3a27818,0x00000000a6080000)
 Metaspace       used 86545K, committed 88256K, reserved 1179648K
  class space    used 8571K, committed 9408K, reserved 1048576K
}
Event: 73623.287 GC heap before
{Heap before GC invocations=1938 (full 5):
 PSYoungGen      total 9216K, used 8723K [0x00000000d5580000, 0x00000000d6280000, 0x0000000100000000)
  eden space 5120K, 100% used [0x00000000d5580000,0x00000000d5a80000,0x00000000d5a80000)
  from space 4096K, 87% used [0x00000000d5e80000,0x00000000d6204fe8,0x00000000d6280000)
  to   space 4096K, 0% used [0x00000000d5a80000,0x00000000d5a80000,0x00000000d5e80000)
 ParOldGen       total 623104K, used 583838K [0x0000000080000000, 0x00000000a6080000, 0x00000000d5580000)
  object space 623104K, 93% used [0x0000000080000000,0x00000000a3a27818,0x00000000a6080000)
 Metaspace       used 86545K, committed 88256K, reserved 1179648K
  class space    used 8571K, committed 9408K, reserved 1048576K
}
Event: 73625.322 GC heap after
{Heap after GC invocations=1938 (full 5):
 PSYoungGen      total 9216K, used 3674K [0x00000000d5580000, 0x00000000d6280000, 0x0000000100000000)
  eden space 5120K, 0% used [0x00000000d5580000,0x00000000d5580000,0x00000000d5a80000)
  from space 4096K, 89% used [0x00000000d5a80000,0x00000000d5e16930,0x00000000d5e80000)
  to   space 4096K, 0% used [0x00000000d5e80000,0x00000000d5e80000,0x00000000d6280000)
 ParOldGen       total 623104K, used 587201K [0x0000000080000000, 0x00000000a6080000, 0x00000000d5580000)
  object space 623104K, 94% used [0x0000000080000000,0x00000000a3d70540,0x00000000a6080000)
 Metaspace       used 86545K, committed 88256K, reserved 1179648K
  class space    used 8571K, committed 9408K, reserved 1048576K
}
Event: 73625.328 GC heap before
{Heap before GC invocations=1939 (full 5):
 PSYoungGen      total 9216K, used 8794K [0x00000000d5580000, 0x00000000d6280000, 0x0000000100000000)
  eden space 5120K, 100% used [0x00000000d5580000,0x00000000d5a80000,0x00000000d5a80000)
  from space 4096K, 89% used [0x00000000d5a80000,0x00000000d5e16930,0x00000000d5e80000)
  to   space 4096K, 0% used [0x00000000d5e80000,0x00000000d5e80000,0x00000000d6280000)
 ParOldGen       total 623104K, used 587201K [0x0000000080000000, 0x00000000a6080000, 0x00000000d5580000)
  object space 623104K, 94% used [0x0000000080000000,0x00000000a3d70540,0x00000000a6080000)
 Metaspace       used 86545K, committed 88256K, reserved 1179648K
  class space    used 8571K, committed 9408K, reserved 1048576K
}
Event: 73625.337 GC heap after
{Heap after GC invocations=1939 (full 5):
 PSYoungGen      total 9728K, used 3008K [0x00000000d5580000, 0x00000000d6280000, 0x0000000100000000)
  eden space 5632K, 0% used [0x00000000d5580000,0x00000000d5580000,0x00000000d5b00000)
  from space 4096K, 73% used [0x00000000d5e80000,0x00000000d61702c0,0x00000000d6280000)
  to   space 3584K, 0% used [0x00000000d5b00000,0x00000000d5b00000,0x00000000d5e80000)
 ParOldGen       total 623104K, used 590741K [0x0000000080000000, 0x00000000a6080000, 0x00000000d5580000)
  object space 623104K, 94% used [0x0000000080000000,0x00000000a40e57f0,0x00000000a6080000)
 Metaspace       used 86545K, committed 88256K, reserved 1179648K
  class space    used 8571K, committed 9408K, reserved 1048576K
}
Event: 73625.346 GC heap before
{Heap before GC invocations=1940 (full 5):
 PSYoungGen      total 9728K, used 8640K [0x00000000d5580000, 0x00000000d6280000, 0x0000000100000000)
  eden space 5632K, 100% used [0x00000000d5580000,0x00000000d5b00000,0x00000000d5b00000)
  from space 4096K, 73% used [0x00000000d5e80000,0x00000000d61702c0,0x00000000d6280000)
  to   space 3584K, 0% used [0x00000000d5b00000,0x00000000d5b00000,0x00000000d5e80000)
 ParOldGen       total 623104K, used 590741K [0x0000000080000000, 0x00000000a6080000, 0x00000000d5580000)
  object space 623104K, 94% used [0x0000000080000000,0x00000000a40e57f0,0x00000000a6080000)
 Metaspace       used 86545K, committed 88256K, reserved 1179648K
  class space    used 8571K, committed 9408K, reserved 1048576K
}
Event: 73625.352 GC heap after
{Heap after GC invocations=1940 (full 5):
 PSYoungGen      total 9216K, used 1736K [0x00000000d5580000, 0x00000000d6180000, 0x0000000100000000)
  eden space 5632K, 0% used [0x00000000d5580000,0x00000000d5580000,0x00000000d5b00000)
  from space 3584K, 48% used [0x00000000d5b00000,0x00000000d5cb2020,0x00000000d5e80000)
  to   space 2560K, 0% used [0x00000000d5f00000,0x00000000d5f00000,0x00000000d6180000)
 ParOldGen       total 623104K, used 593602K [0x0000000080000000, 0x00000000a6080000, 0x00000000d5580000)
  object space 623104K, 95% used [0x0000000080000000,0x00000000a43b0948,0x00000000a6080000)
 Metaspace       used 86545K, committed 88256K, reserved 1179648K
  class space    used 8571K, committed 9408K, reserved 1048576K
}
Event: 73625.359 GC heap before
{Heap before GC invocations=1941 (full 5):
 PSYoungGen      total 9216K, used 7368K [0x00000000d5580000, 0x00000000d6180000, 0x0000000100000000)
  eden space 5632K, 100% used [0x00000000d5580000,0x00000000d5b00000,0x00000000d5b00000)
  from space 3584K, 48% used [0x00000000d5b00000,0x00000000d5cb2020,0x00000000d5e80000)
  to   space 2560K, 0% used [0x00000000d5f00000,0x00000000d5f00000,0x00000000d6180000)
 ParOldGen       total 623104K, used 593602K [0x0000000080000000, 0x00000000a6080000, 0x00000000d5580000)
  object space 623104K, 95% used [0x0000000080000000,0x00000000a43b0948,0x00000000a6080000)
 Metaspace       used 86545K, committed 88256K, reserved 1179648K
  class space    used 8571K, committed 9408K, reserved 1048576K
}
Event: 73625.363 GC heap after
{Heap after GC invocations=1941 (full 5):
 PSYoungGen      total 8704K, used 1453K [0x00000000d5580000, 0x00000000d6080000, 0x0000000100000000)
  eden space 7168K, 0% used [0x00000000d5580000,0x00000000d5580000,0x00000000d5c80000)
  from space 1536K, 94% used [0x00000000d5f00000,0x00000000d606b680,0x00000000d6080000)
  to   space 2048K, 0% used [0x00000000d5c80000,0x00000000d5c80000,0x00000000d5e80000)
 ParOldGen       total 623104K, used 595125K [0x0000000080000000, 0x00000000a6080000, 0x00000000d5580000)
  object space 623104K, 95% used [0x0000000080000000,0x00000000a452d418,0x00000000a6080000)
 Metaspace       used 86545K, committed 88256K, reserved 1179648K
  class space    used 8571K, committed 9408K, reserved 1048576K
}
Event: 73625.393 GC heap before
{Heap before GC invocations=1942 (full 5):
 PSYoungGen      total 8704K, used 8621K [0x00000000d5580000, 0x00000000d6080000, 0x0000000100000000)
  eden space 7168K, 100% used [0x00000000d5580000,0x00000000d5c80000,0x00000000d5c80000)
  from space 1536K, 94% used [0x00000000d5f00000,0x00000000d606b680,0x00000000d6080000)
  to   space 2048K, 0% used [0x00000000d5c80000,0x00000000d5c80000,0x00000000d5e80000)
 ParOldGen       total 623104K, used 595125K [0x0000000080000000, 0x00000000a6080000, 0x00000000d5580000)
  object space 623104K, 95% used [0x0000000080000000,0x00000000a452d418,0x00000000a6080000)
 Metaspace       used 86586K, committed 88256K, reserved 1179648K
  class space    used 8576K, committed 9408K, reserved 1048576K
}
Event: 73625.398 GC heap after
{Heap after GC invocations=1942 (full 5):
 PSYoungGen      total 9216K, used 2029K [0x00000000d5580000, 0x00000000d6800000, 0x0000000100000000)
  eden space 7168K, 0% used [0x00000000d5580000,0x00000000d5580000,0x00000000d5c80000)
  from space 2048K, 99% used [0x00000000d5c80000,0x00000000d5e7b798,0x00000000d5e80000)
  to   space 5120K, 0% used [0x00000000d6300000,0x00000000d6300000,0x00000000d6800000)
 ParOldGen       total 623104K, used 597410K [0x0000000080000000, 0x00000000a6080000, 0x00000000d5580000)
  object space 623104K, 95% used [0x0000000080000000,0x00000000a4768918,0x00000000a6080000)
 Metaspace       used 86586K, committed 88256K, reserved 1179648K
  class space    used 8576K, committed 9408K, reserved 1048576K
}
Event: 73625.455 GC heap before
{Heap before GC invocations=1943 (full 5):
 PSYoungGen      total 9216K, used 9197K [0x00000000d5580000, 0x00000000d6800000, 0x0000000100000000)
  eden space 7168K, 100% used [0x00000000d5580000,0x00000000d5c80000,0x00000000d5c80000)
  from space 2048K, 99% used [0x00000000d5c80000,0x00000000d5e7b798,0x00000000d5e80000)
  to   space 5120K, 0% used [0x00000000d6300000,0x00000000d6300000,0x00000000d6800000)
 ParOldGen       total 623104K, used 597410K [0x0000000080000000, 0x00000000a6080000, 0x00000000d5580000)
  object space 623104K, 95% used [0x0000000080000000,0x00000000a4768918,0x00000000a6080000)
 Metaspace       used 86693K, committed 88384K, reserved 1179648K
  class space    used 8582K, committed 9408K, reserved 1048576K
}
Event: 73625.462 GC heap after
{Heap after GC invocations=1943 (full 5):
 PSYoungGen      total 10240K, used 1359K [0x00000000d5580000, 0x00000000d6480000, 0x0000000100000000)
  eden space 8704K, 0% used [0x00000000d5580000,0x00000000d5580000,0x00000000d5e00000)
  from space 1536K, 88% used [0x00000000d6300000,0x00000000d6453c60,0x00000000d6480000)
  to   space 2560K, 0% used [0x00000000d5f80000,0x00000000d5f80000,0x00000000d6200000)
 ParOldGen       total 623104K, used 599450K [0x0000000080000000, 0x00000000a6080000, 0x00000000d5580000)
  object space 623104K, 96% used [0x0000000080000000,0x00000000a4966838,0x00000000a6080000)
 Metaspace       used 86693K, committed 88384K, reserved 1179648K
  class space    used 8582K, committed 9408K, reserved 1048576K
}
Event: 73625.480 GC heap before
{Heap before GC invocations=1944 (full 5):
 PSYoungGen      total 10240K, used 10063K [0x00000000d5580000, 0x00000000d6480000, 0x0000000100000000)
  eden space 8704K, 100% used [0x00000000d5580000,0x00000000d5e00000,0x00000000d5e00000)
  from space 1536K, 88% used [0x00000000d6300000,0x00000000d6453c60,0x00000000d6480000)
  to   space 2560K, 0% used [0x00000000d5f80000,0x00000000d5f80000,0x00000000d6200000)
 ParOldGen       total 623104K, used 599450K [0x0000000080000000, 0x00000000a6080000, 0x00000000d5580000)
  object space 623104K, 96% used [0x0000000080000000,0x00000000a4966838,0x00000000a6080000)
 Metaspace       used 86698K, committed 88384K, reserved 1179648K
  class space    used 8582K, committed 9408K, reserved 1048576K
}
Event: 73625.484 GC heap after
{Heap after GC invocations=1944 (full 5):
 PSYoungGen      total 12800K, used 1482K [0x00000000d5580000, 0x00000000d6400000, 0x0000000100000000)
  eden space 10240K, 0% used [0x00000000d5580000,0x00000000d5580000,0x00000000d5f80000)
  from space 2560K, 57% used [0x00000000d5f80000,0x00000000d60f2910,0x00000000d6200000)
  to   space 2048K, 0% used [0x00000000d6200000,0x00000000d6200000,0x00000000d6400000)
 ParOldGen       total 623104K, used 600588K [0x0000000080000000, 0x00000000a6080000, 0x00000000d5580000)
  object space 623104K, 96% used [0x0000000080000000,0x00000000a4a83260,0x00000000a6080000)
 Metaspace       used 86698K, committed 88384K, reserved 1179648K
  class space    used 8582K, committed 9408K, reserved 1048576K
}

