# JRE version: Java(TM) SE Runtime Environment (24.0.1+9) (build 24.0.1+9-30)
# Java VM: Java HotSpot(TM) 64-Bit Server VM (24.0.1+9-30, mixed mode, sharing, tiered, compressed oops, compressed class ptrs, g1 gc, windows-amd64)
GC Precious Log:
 CardTable entry size: 512
 Card Set container configuration: InlinePtr #cards 5 size 8 Array Of Cards #cards 10 size 36 Howl #buckets 4 coarsen threshold 1843 Howl Bitmap #cards 512 size 80 coarsen threshold 460 Card regions per heap region 1 cards per card region 2048
 CPUs: 12 total, 12 available
 Memory: 7521M
 Large Page Support: Disabled
 NUMA Support: Disabled
 Compressed Oops: Enabled (32-bit)
 Heap Region Size: 1M
 Heap Min Capacity: 8M
 Heap Initial Capacity: 118M
 Heap Max Capacity: 1882M
 Pre-touch: Disabled
 Parallel Workers: 10
 Concurrent Workers: 3
 Concurrent Refinement Workers: 10
 Periodic GC: Disabled
Heap:
 garbage-first heap   total reserved 1927168K, committed 133120K, used 86849K [0x000000008a600000, 0x0000000100000000)
  region size 1024K, 46 young (47104K), 1 survivors (1024K)
 Metaspace       used 106795K, committed 114304K, reserved 1179648K
  class space    used 10844K, committed 12544K, reserved 1048576K
GC Heap History (20 events):
Event: 21434.204 GC heap before
{Heap before GC invocations=512 (full 21):
 garbage-first heap   total reserved 1927168K, committed 133120K, used 120336K [0x000000008a600000, 0x0000000100000000)
  region size 1024K, 78 young (79872K), 1 survivors (1024K)
 Metaspace       used 106795K, committed 114304K, reserved 1179648K
  class space    used 10844K, committed 12544K, reserved 1048576K
}
Event: 21434.244 GC heap after
{Heap after GC invocations=513 (full 21):
 garbage-first heap   total reserved 1927168K, committed 133120K, used 41519K [0x000000008a600000, 0x0000000100000000)
  region size 1024K, 1 young (1024K), 1 survivors (1024K)
 Metaspace       used 106795K, committed 114304K, reserved 1179648K
  class space    used 10844K, committed 12544K, reserved 1048576K
}
Event: 21490.149 GC heap before
{Heap before GC invocations=513 (full 21):
 garbage-first heap   total reserved 1927168K, committed 133120K, used 120367K [0x000000008a600000, 0x0000000100000000)
  region size 1024K, 78 young (79872K), 1 survivors (1024K)
 Metaspace       used 106795K, committed 114304K, reserved 1179648K
  class space    used 10844K, committed 12544K, reserved 1048576K
}
Event: 21490.191 GC heap after
{Heap after GC invocations=514 (full 21):
 garbage-first heap   total reserved 1927168K, committed 133120K, used 41447K [0x000000008a600000, 0x0000000100000000)
  region size 1024K, 1 young (1024K), 1 survivors (1024K)
 Metaspace       used 106795K, committed 114304K, reserved 1179648K
  class space    used 10844K, committed 12544K, reserved 1048576K
}
Event: 21545.932 GC heap before
{Heap before GC invocations=514 (full 21):
 garbage-first heap   total reserved 1927168K, committed 133120K, used 120295K [0x000000008a600000, 0x0000000100000000)
  region size 1024K, 78 young (79872K), 1 survivors (1024K)
 Metaspace       used 106795K, committed 114304K, reserved 1179648K
  class space    used 10844K, committed 12544K, reserved 1048576K
}
Event: 21545.951 GC heap after
{Heap after GC invocations=515 (full 21):
 garbage-first heap   total reserved 1927168K, committed 133120K, used 41530K [0x000000008a600000, 0x0000000100000000)
  region size 1024K, 1 young (1024K), 1 survivors (1024K)
 Metaspace       used 106795K, committed 114304K, reserved 1179648K
  class space    used 10844K, committed 12544K, reserved 1048576K
}
Event: 21601.933 GC heap before
{Heap before GC invocations=515 (full 21):
 garbage-first heap   total reserved 1927168K, committed 133120K, used 120378K [0x000000008a600000, 0x0000000100000000)
  region size 1024K, 78 young (79872K), 1 survivors (1024K)
 Metaspace       used 106795K, committed 114304K, reserved 1179648K
  class space    used 10844K, committed 12544K, reserved 1048576K
}
Event: 21601.937 GC heap after
{Heap after GC invocations=516 (full 21):
 garbage-first heap   total reserved 1927168K, committed 133120K, used 41434K [0x000000008a600000, 0x0000000100000000)
  region size 1024K, 1 young (1024K), 1 survivors (1024K)
 Metaspace       used 106795K, committed 114304K, reserved 1179648K
  class space    used 10844K, committed 12544K, reserved 1048576K
}
Event: 21657.493 GC heap before
{Heap before GC invocations=516 (full 21):
 garbage-first heap   total reserved 1927168K, committed 133120K, used 120282K [0x000000008a600000, 0x0000000100000000)
  region size 1024K, 78 young (79872K), 1 survivors (1024K)
 Metaspace       used 106795K, committed 114304K, reserved 1179648K
  class space    used 10844K, committed 12544K, reserved 1048576K
}
Event: 21657.496 GC heap after
{Heap after GC invocations=517 (full 21):
 garbage-first heap   total reserved 1927168K, committed 133120K, used 41475K [0x000000008a600000, 0x0000000100000000)
  region size 1024K, 1 young (1024K), 1 survivors (1024K)
 Metaspace       used 106795K, committed 114304K, reserved 1179648K
  class space    used 10844K, committed 12544K, reserved 1048576K
}
Event: 21713.710 GC heap before
{Heap before GC invocations=517 (full 21):
 garbage-first heap   total reserved 1927168K, committed 133120K, used 120323K [0x000000008a600000, 0x0000000100000000)
  region size 1024K, 78 young (79872K), 1 survivors (1024K)
 Metaspace       used 106795K, committed 114304K, reserved 1179648K
  class space    used 10844K, committed 12544K, reserved 1048576K
}
Event: 21713.742 GC heap after
{Heap after GC invocations=518 (full 21):
 garbage-first heap   total reserved 1927168K, committed 133120K, used 41416K [0x000000008a600000, 0x0000000100000000)
  region size 1024K, 1 young (1024K), 1 survivors (1024K)
 Metaspace       used 106795K, committed 114304K, reserved 1179648K
  class space    used 10844K, committed 12544K, reserved 1048576K
}
Event: 21769.434 GC heap before
{Heap before GC invocations=518 (full 21):
 garbage-first heap   total reserved 1927168K, committed 133120K, used 120264K [0x000000008a600000, 0x0000000100000000)
  region size 1024K, 78 young (79872K), 1 survivors (1024K)
 Metaspace       used 106795K, committed 114304K, reserved 1179648K
  class space    used 10844K, committed 12544K, reserved 1048576K
}
Event: 21769.438 GC heap after
{Heap after GC invocations=519 (full 21):
 garbage-first heap   total reserved 1927168K, committed 133120K, used 41497K [0x000000008a600000, 0x0000000100000000)
  region size 1024K, 1 young (1024K), 1 survivors (1024K)
 Metaspace       used 106795K, committed 114304K, reserved 1179648K
  class space    used 10844K, committed 12544K, reserved 1048576K
}
Event: 21825.297 GC heap before
{Heap before GC invocations=519 (full 21):
 garbage-first heap   total reserved 1927168K, committed 133120K, used 120345K [0x000000008a600000, 0x0000000100000000)
  region size 1024K, 78 young (79872K), 1 survivors (1024K)
 Metaspace       used 106795K, committed 114304K, reserved 1179648K
  class space    used 10844K, committed 12544K, reserved 1048576K
}
Event: 21825.301 GC heap after
{Heap after GC invocations=520 (full 21):
 garbage-first heap   total reserved 1927168K, committed 133120K, used 41331K [0x000000008a600000, 0x0000000100000000)
  region size 1024K, 1 young (1024K), 1 survivors (1024K)
 Metaspace       used 106795K, committed 114304K, reserved 1179648K
  class space    used 10844K, committed 12544K, reserved 1048576K
}
Event: 21881.903 GC heap before
{Heap before GC invocations=520 (full 21):
 garbage-first heap   total reserved 1927168K, committed 133120K, used 120179K [0x000000008a600000, 0x0000000100000000)
  region size 1024K, 78 young (79872K), 1 survivors (1024K)
 Metaspace       used 106795K, committed 114304K, reserved 1179648K
  class space    used 10844K, committed 12544K, reserved 1048576K
}
Event: 21881.931 GC heap after
{Heap after GC invocations=521 (full 21):
 garbage-first heap   total reserved 1927168K, committed 133120K, used 41473K [0x000000008a600000, 0x0000000100000000)
  region size 1024K, 1 young (1024K), 1 survivors (1024K)
 Metaspace       used 106795K, committed 114304K, reserved 1179648K
  class space    used 10844K, committed 12544K, reserved 1048576K
}
Event: 21938.049 GC heap before
{Heap before GC invocations=521 (full 21):
 garbage-first heap   total reserved 1927168K, committed 133120K, used 120321K [0x000000008a600000, 0x0000000100000000)
  region size 1024K, 78 young (79872K), 1 survivors (1024K)
 Metaspace       used 106795K, committed 114304K, reserved 1179648K
  class space    used 10844K, committed 12544K, reserved 1048576K
}
Event: 21938.054 GC heap after
{Heap after GC invocations=522 (full 21):
 garbage-first heap   total reserved 1927168K, committed 133120K, used 41793K [0x000000008a600000, 0x0000000100000000)
  region size 1024K, 1 young (1024K), 1 survivors (1024K)
 Metaspace       used 106795K, committed 114304K, reserved 1179648K
  class space    used 10844K, committed 12544K, reserved 1048576K
}

