# JRE version: OpenJDK Runtime Environment Temurin-21.0.7+6 (21.0.7+6) (build 21.0.7+6-LTS)
# Java VM: OpenJDK 64-Bit Server VM Temurin-21.0.7+6 (21.0.7+6-LTS, mixed mode, sharing, tiered, compressed oops, compressed class ptrs, parallel gc, windows-amd64)
GC Precious Log:
 CardTable entry size: 512
 CPUs: 12 total, 12 available
 Memory: 7521M
 Large Page Support: Disabled
 NUMA Support: Disabled
 Compressed Oops: Enabled (32-bit)
 Alignments: Space 512K, Generation 512K, Heap 2M
 Heap Min Capacity: 100M
 Heap Initial Capacity: 100M
 Heap Max Capacity: 2G
 Pre-touch: Disabled
 Parallel Workers: 10
Heap:
 PSYoungGen      total 6144K, used 4742K [0x00000000d5580000, 0x00000000d5c80000, 0x0000000100000000)
  eden space 5120K, 79% used [0x00000000d5580000,0x00000000d597d030,0x00000000d5a80000)
  from space 1024K, 64% used [0x00000000d5a80000,0x00000000d5b24928,0x00000000d5b80000)
  to   space 1024K, 0% used [0x00000000d5b80000,0x00000000d5b80000,0x00000000d5c80000)
 ParOldGen       total 428544K, used 428192K [0x0000000080000000, 0x000000009a280000, 0x00000000d5580000)
  object space 428544K, 99% used [0x0000000080000000,0x000000009a2282d8,0x000000009a280000)
 Metaspace       used 63669K, committed 65152K, reserved 1114112K
  class space    used 6399K, committed 7104K, reserved 1048576K
GC Heap History (20 events):
Event: 14.144 GC heap before
{Heap before GC invocations=452 (full 3):
 PSYoungGen      total 5120K, used 4691K [0x00000000d5580000, 0x00000000d5e80000, 0x0000000100000000)
  eden space 3072K, 98% used [0x00000000d5580000,0x00000000d5875380,0x00000000d5880000)
  from space 2048K, 81% used [0x00000000d5c80000,0x00000000d5e1fc38,0x00000000d5e80000)
  to   space 2560K, 0% used [0x00000000d5980000,0x00000000d5980000,0x00000000d5c00000)
 ParOldGen       total 406016K, used 405522K [0x0000000080000000, 0x0000000098c80000, 0x00000000d5580000)
  object space 406016K, 99% used [0x0000000080000000,0x0000000098c04978,0x0000000098c80000)
 Metaspace       used 63621K, committed 65152K, reserved 1114112K
  class space    used 6396K, committed 7104K, reserved 1048576K
}
Event: 14.149 GC heap after
{Heap after GC invocations=452 (full 3):
 PSYoungGen      total 5632K, used 2551K [0x00000000d5580000, 0x00000000d6280000, 0x0000000100000000)
  eden space 3072K, 0% used [0x00000000d5580000,0x00000000d5580000,0x00000000d5880000)
  from space 2560K, 99% used [0x00000000d5980000,0x00000000d5bfdfa0,0x00000000d5c00000)
  to   space 5120K, 0% used [0x00000000d5d80000,0x00000000d5d80000,0x00000000d6280000)
 ParOldGen       total 407552K, used 407506K [0x0000000080000000, 0x0000000098e00000, 0x00000000d5580000)
  object space 407552K, 99% used [0x0000000080000000,0x0000000098df4978,0x0000000098e00000)
 Metaspace       used 63621K, committed 65152K, reserved 1114112K
  class space    used 6396K, committed 7104K, reserved 1048576K
}
Event: 14.222 GC heap before
{Heap before GC invocations=453 (full 3):
 PSYoungGen      total 5632K, used 5393K [0x00000000d5580000, 0x00000000d6280000, 0x0000000100000000)
  eden space 3072K, 92% used [0x00000000d5580000,0x00000000d5846700,0x00000000d5880000)
  from space 2560K, 99% used [0x00000000d5980000,0x00000000d5bfdfa0,0x00000000d5c00000)
  to   space 5120K, 0% used [0x00000000d5d80000,0x00000000d5d80000,0x00000000d6280000)
 ParOldGen       total 407552K, used 407506K [0x0000000080000000, 0x0000000098e00000, 0x00000000d5580000)
  object space 407552K, 99% used [0x0000000080000000,0x0000000098df4978,0x0000000098e00000)
 Metaspace       used 63621K, committed 65152K, reserved 1114112K
  class space    used 6396K, committed 7104K, reserved 1048576K
}
Event: 14.229 GC heap after
{Heap after GC invocations=453 (full 3):
 PSYoungGen      total 6144K, used 2902K [0x00000000d5580000, 0x00000000d6080000, 0x0000000100000000)
  eden space 3072K, 0% used [0x00000000d5580000,0x00000000d5580000,0x00000000d5880000)
  from space 3072K, 94% used [0x00000000d5d80000,0x00000000d6055a78,0x00000000d6080000)
  to   space 3584K, 0% used [0x00000000d5980000,0x00000000d5980000,0x00000000d5d00000)
 ParOldGen       total 410624K, used 410122K [0x0000000080000000, 0x0000000099100000, 0x00000000d5580000)
  object space 410624K, 99% used [0x0000000080000000,0x0000000099082838,0x0000000099100000)
 Metaspace       used 63621K, committed 65152K, reserved 1114112K
  class space    used 6396K, committed 7104K, reserved 1048576K
}
Event: 14.388 GC heap before
{Heap before GC invocations=454 (full 3):
 PSYoungGen      total 6144K, used 5623K [0x00000000d5580000, 0x00000000d6080000, 0x0000000100000000)
  eden space 3072K, 88% used [0x00000000d5580000,0x00000000d5828498,0x00000000d5880000)
  from space 3072K, 94% used [0x00000000d5d80000,0x00000000d6055a78,0x00000000d6080000)
  to   space 3584K, 0% used [0x00000000d5980000,0x00000000d5980000,0x00000000d5d00000)
 ParOldGen       total 410624K, used 410122K [0x0000000080000000, 0x0000000099100000, 0x00000000d5580000)
  object space 410624K, 99% used [0x0000000080000000,0x0000000099082838,0x0000000099100000)
 Metaspace       used 63621K, committed 65152K, reserved 1114112K
  class space    used 6396K, committed 7104K, reserved 1048576K
}
Event: 14.396 GC heap after
{Heap after GC invocations=454 (full 3):
 PSYoungGen      total 6144K, used 2843K [0x00000000d5580000, 0x00000000d5e80000, 0x0000000100000000)
  eden space 3072K, 0% used [0x00000000d5580000,0x00000000d5580000,0x00000000d5880000)
  from space 3072K, 92% used [0x00000000d5980000,0x00000000d5c46e88,0x00000000d5c80000)
  to   space 2048K, 0% used [0x00000000d5c80000,0x00000000d5c80000,0x00000000d5e80000)
 ParOldGen       total 413184K, used 412960K [0x0000000080000000, 0x0000000099380000, 0x00000000d5580000)
  object space 413184K, 99% used [0x0000000080000000,0x0000000099348238,0x0000000099380000)
 Metaspace       used 63621K, committed 65152K, reserved 1114112K
  class space    used 6396K, committed 7104K, reserved 1048576K
}
Event: 14.665 GC heap before
{Heap before GC invocations=455 (full 3):
 PSYoungGen      total 6144K, used 5915K [0x00000000d5580000, 0x00000000d5e80000, 0x0000000100000000)
  eden space 3072K, 100% used [0x00000000d5580000,0x00000000d5880000,0x00000000d5880000)
  from space 3072K, 92% used [0x00000000d5980000,0x00000000d5c46e88,0x00000000d5c80000)
  to   space 2048K, 0% used [0x00000000d5c80000,0x00000000d5c80000,0x00000000d5e80000)
 ParOldGen       total 413184K, used 412960K [0x0000000080000000, 0x0000000099380000, 0x00000000d5580000)
  object space 413184K, 99% used [0x0000000080000000,0x0000000099348238,0x0000000099380000)
 Metaspace       used 63621K, committed 65152K, reserved 1114112K
  class space    used 6396K, committed 7104K, reserved 1048576K
}
Event: 14.670 GC heap after
{Heap after GC invocations=455 (full 3):
 PSYoungGen      total 5120K, used 1728K [0x00000000d5580000, 0x00000000d5e80000, 0x0000000100000000)
  eden space 3072K, 0% used [0x00000000d5580000,0x00000000d5580000,0x00000000d5880000)
  from space 2048K, 84% used [0x00000000d5c80000,0x00000000d5e30000,0x00000000d5e80000)
  to   space 2560K, 0% used [0x00000000d5980000,0x00000000d5980000,0x00000000d5c00000)
 ParOldGen       total 417792K, used 417183K [0x0000000080000000, 0x0000000099800000, 0x00000000d5580000)
  object space 417792K, 99% used [0x0000000080000000,0x0000000099767f08,0x0000000099800000)
 Metaspace       used 63621K, committed 65152K, reserved 1114112K
  class space    used 6396K, committed 7104K, reserved 1048576K
}
Event: 14.960 GC heap before
{Heap before GC invocations=456 (full 3):
 PSYoungGen      total 5120K, used 4800K [0x00000000d5580000, 0x00000000d5e80000, 0x0000000100000000)
  eden space 3072K, 100% used [0x00000000d5580000,0x00000000d5880000,0x00000000d5880000)
  from space 2048K, 84% used [0x00000000d5c80000,0x00000000d5e30000,0x00000000d5e80000)
  to   space 2560K, 0% used [0x00000000d5980000,0x00000000d5980000,0x00000000d5c00000)
 ParOldGen       total 417792K, used 417183K [0x0000000080000000, 0x0000000099800000, 0x00000000d5580000)
  object space 417792K, 99% used [0x0000000080000000,0x0000000099767f08,0x0000000099800000)
 Metaspace       used 63639K, committed 65152K, reserved 1114112K
  class space    used 6396K, committed 7104K, reserved 1048576K
}
Event: 14.966 GC heap after
{Heap after GC invocations=456 (full 3):
 PSYoungGen      total 5632K, used 2543K [0x00000000d5580000, 0x00000000d6280000, 0x0000000100000000)
  eden space 3072K, 0% used [0x00000000d5580000,0x00000000d5580000,0x00000000d5880000)
  from space 2560K, 99% used [0x00000000d5980000,0x00000000d5bfbd20,0x00000000d5c00000)
  to   space 5120K, 0% used [0x00000000d5d80000,0x00000000d5d80000,0x00000000d6280000)
 ParOldGen       total 419328K, used 418908K [0x0000000080000000, 0x0000000099980000, 0x00000000d5580000)
  object space 419328K, 99% used [0x0000000080000000,0x00000000999173b0,0x0000000099980000)
 Metaspace       used 63639K, committed 65152K, reserved 1114112K
  class space    used 6396K, committed 7104K, reserved 1048576K
}
Event: 15.063 GC heap before
{Heap before GC invocations=457 (full 3):
 PSYoungGen      total 5632K, used 5615K [0x00000000d5580000, 0x00000000d6280000, 0x0000000100000000)
  eden space 3072K, 100% used [0x00000000d5580000,0x00000000d5880000,0x00000000d5880000)
  from space 2560K, 99% used [0x00000000d5980000,0x00000000d5bfbd20,0x00000000d5c00000)
  to   space 5120K, 0% used [0x00000000d5d80000,0x00000000d5d80000,0x00000000d6280000)
 ParOldGen       total 419328K, used 418908K [0x0000000080000000, 0x0000000099980000, 0x00000000d5580000)
  object space 419328K, 99% used [0x0000000080000000,0x00000000999173b0,0x0000000099980000)
 Metaspace       used 63639K, committed 65152K, reserved 1114112K
  class space    used 6396K, committed 7104K, reserved 1048576K
}
Event: 15.069 GC heap after
{Heap after GC invocations=457 (full 3):
 PSYoungGen      total 5120K, used 1984K [0x00000000d5580000, 0x00000000d5f80000, 0x0000000100000000)
  eden space 3072K, 0% used [0x00000000d5580000,0x00000000d5580000,0x00000000d5880000)
  from space 2048K, 96% used [0x00000000d5d80000,0x00000000d5f70000,0x00000000d5f80000)
  to   space 3072K, 0% used [0x00000000d5980000,0x00000000d5980000,0x00000000d5c80000)
 ParOldGen       total 421376K, used 421374K [0x0000000080000000, 0x0000000099b80000, 0x00000000d5580000)
  object space 421376K, 99% used [0x0000000080000000,0x0000000099b7fb28,0x0000000099b80000)
 Metaspace       used 63639K, committed 65152K, reserved 1114112K
  class space    used 6396K, committed 7104K, reserved 1048576K
}
Event: 15.659 GC heap before
{Heap before GC invocations=458 (full 3):
 PSYoungGen      total 5120K, used 5056K [0x00000000d5580000, 0x00000000d5f80000, 0x0000000100000000)
  eden space 3072K, 100% used [0x00000000d5580000,0x00000000d5880000,0x00000000d5880000)
  from space 2048K, 96% used [0x00000000d5d80000,0x00000000d5f70000,0x00000000d5f80000)
  to   space 3072K, 0% used [0x00000000d5980000,0x00000000d5980000,0x00000000d5c80000)
 ParOldGen       total 421376K, used 421374K [0x0000000080000000, 0x0000000099b80000, 0x00000000d5580000)
  object space 421376K, 99% used [0x0000000080000000,0x0000000099b7fb28,0x0000000099b80000)
 Metaspace       used 63639K, committed 65152K, reserved 1114112K
  class space    used 6396K, committed 7104K, reserved 1048576K
}
Event: 15.662 GC heap after
{Heap after GC invocations=458 (full 3):
 PSYoungGen      total 6144K, used 2688K [0x00000000d5580000, 0x00000000d5e80000, 0x0000000100000000)
  eden space 3072K, 0% used [0x00000000d5580000,0x00000000d5580000,0x00000000d5880000)
  from space 3072K, 87% used [0x00000000d5980000,0x00000000d5c20000,0x00000000d5c80000)
  to   space 2048K, 0% used [0x00000000d5c80000,0x00000000d5c80000,0x00000000d5e80000)
 ParOldGen       total 423424K, used 423230K [0x0000000080000000, 0x0000000099d80000, 0x00000000d5580000)
  object space 423424K, 99% used [0x0000000080000000,0x0000000099d4fb28,0x0000000099d80000)
 Metaspace       used 63639K, committed 65152K, reserved 1114112K
  class space    used 6396K, committed 7104K, reserved 1048576K
}
Event: 15.806 GC heap before
{Heap before GC invocations=459 (full 3):
 PSYoungGen      total 6144K, used 5760K [0x00000000d5580000, 0x00000000d5e80000, 0x0000000100000000)
  eden space 3072K, 100% used [0x00000000d5580000,0x00000000d5880000,0x00000000d5880000)
  from space 3072K, 87% used [0x00000000d5980000,0x00000000d5c20000,0x00000000d5c80000)
  to   space 2048K, 0% used [0x00000000d5c80000,0x00000000d5c80000,0x00000000d5e80000)
 ParOldGen       total 423424K, used 423230K [0x0000000080000000, 0x0000000099d80000, 0x00000000d5580000)
  object space 423424K, 99% used [0x0000000080000000,0x0000000099d4fb28,0x0000000099d80000)
 Metaspace       used 63658K, committed 65152K, reserved 1114112K
  class space    used 6399K, committed 7104K, reserved 1048576K
}
Event: 15.811 GC heap after
{Heap after GC invocations=459 (full 3):
 PSYoungGen      total 5120K, used 1696K [0x00000000d5580000, 0x00000000d5e80000, 0x0000000100000000)
  eden space 3072K, 0% used [0x00000000d5580000,0x00000000d5580000,0x00000000d5880000)
  from space 2048K, 82% used [0x00000000d5c80000,0x00000000d5e28000,0x00000000d5e80000)
  to   space 2560K, 0% used [0x00000000d5980000,0x00000000d5980000,0x00000000d5c00000)
 ParOldGen       total 425984K, used 425774K [0x0000000080000000, 0x000000009a000000, 0x00000000d5580000)
  object space 425984K, 99% used [0x0000000080000000,0x0000000099fcbb28,0x000000009a000000)
 Metaspace       used 63658K, committed 65152K, reserved 1114112K
  class space    used 6399K, committed 7104K, reserved 1048576K
}
Event: 15.821 GC heap before
{Heap before GC invocations=460 (full 3):
 PSYoungGen      total 5120K, used 4768K [0x00000000d5580000, 0x00000000d5e80000, 0x0000000100000000)
  eden space 3072K, 100% used [0x00000000d5580000,0x00000000d5880000,0x00000000d5880000)
  from space 2048K, 82% used [0x00000000d5c80000,0x00000000d5e28000,0x00000000d5e80000)
  to   space 2560K, 0% used [0x00000000d5980000,0x00000000d5980000,0x00000000d5c00000)
 ParOldGen       total 425984K, used 425774K [0x0000000080000000, 0x000000009a000000, 0x00000000d5580000)
  object space 425984K, 99% used [0x0000000080000000,0x0000000099fcbb28,0x000000009a000000)
 Metaspace       used 63658K, committed 65152K, reserved 1114112K
  class space    used 6399K, committed 7104K, reserved 1048576K
}
Event: 16.825 GC heap after
{Heap after GC invocations=460 (full 3):
 PSYoungGen      total 5120K, used 539K [0x00000000d5580000, 0x00000000d5d00000, 0x0000000100000000)
  eden space 4096K, 0% used [0x00000000d5580000,0x00000000d5580000,0x00000000d5980000)
  from space 1024K, 52% used [0x00000000d5980000,0x00000000d5a06c08,0x00000000d5a80000)
  to   space 1536K, 0% used [0x00000000d5b80000,0x00000000d5b80000,0x00000000d5d00000)
 ParOldGen       total 427520K, used 427325K [0x0000000080000000, 0x000000009a180000, 0x00000000d5580000)
  object space 427520K, 99% used [0x0000000080000000,0x000000009a14f6d0,0x000000009a180000)
 Metaspace       used 63658K, committed 65152K, reserved 1114112K
  class space    used 6399K, committed 7104K, reserved 1048576K
}
Event: 16.835 GC heap before
{Heap before GC invocations=461 (full 3):
 PSYoungGen      total 5120K, used 4635K [0x00000000d5580000, 0x00000000d5d00000, 0x0000000100000000)
  eden space 4096K, 100% used [0x00000000d5580000,0x00000000d5980000,0x00000000d5980000)
  from space 1024K, 52% used [0x00000000d5980000,0x00000000d5a06c08,0x00000000d5a80000)
  to   space 1536K, 0% used [0x00000000d5b80000,0x00000000d5b80000,0x00000000d5d00000)
 ParOldGen       total 427520K, used 427325K [0x0000000080000000, 0x000000009a180000, 0x00000000d5580000)
  object space 427520K, 99% used [0x0000000080000000,0x000000009a14f6d0,0x000000009a180000)
 Metaspace       used 63658K, committed 65152K, reserved 1114112K
  class space    used 6399K, committed 7104K, reserved 1048576K
}
Event: 16.836 GC heap after
{Heap after GC invocations=461 (full 3):
 PSYoungGen      total 6144K, used 608K [0x00000000d5580000, 0x00000000d5c80000, 0x0000000100000000)
  eden space 5120K, 0% used [0x00000000d5580000,0x00000000d5580000,0x00000000d5a80000)
  from space 1024K, 59% used [0x00000000d5b80000,0x00000000d5c18000,0x00000000d5c80000)
  to   space 1024K, 0% used [0x00000000d5a80000,0x00000000d5a80000,0x00000000d5b80000)
 ParOldGen       total 428032K, used 427728K [0x0000000080000000, 0x000000009a200000, 0x00000000d5580000)
  object space 428032K, 99% used [0x0000000080000000,0x000000009a1b42d8,0x000000009a200000)
 Metaspace       used 63658K, committed 65152K, reserved 1114112K
  class space    used 6399K, committed 7104K, reserved 1048576K
}

